<?xml version="1.0" encoding="UTF-8"?>
<!-- Generated by org.testng.reporters.JUnitReportReporter -->
<testsuite hostname="Laurents-MacBook-Pro.local" name="IosSauceTest" tests="1" failures="0" timestamp="25 Apr 2017 11:43:17 GMT" time="308.684" errors="0">
  <testcase name="goToLoginScreen" time="308.684" classname="IosSauceTest"/>
</testsuite> <!-- IosSauceTest -->
